Copyright 1986-2022 Xilinx, Inc. All Rights Reserved.
------------------------------------------------------------------------------------------------------------------------------------------------------------------------------
| Tool Version : Vivado v.2022.2 (lin64) Build 3671981 Fri Oct 14 04:59:54 MDT 2022
| Date         : Mon Nov  6 16:40:15 2023
| Host         : tesla running 64-bit Ubuntu 20.04.6 LTS
| Command      : report_drc -file Simple10GbeRudpKcu105Example_drc_routed.rpt -pb Simple10GbeRudpKcu105Example_drc_routed.pb -rpx Simple10GbeRudpKcu105Example_drc_routed.rpx
| Design       : Simple10GbeRudpKcu105Example
| Device       : xcku040-ffva1156-2-e
| Speed File   : -2
| Design State : Fully Routed
------------------------------------------------------------------------------------------------------------------------------------------------------------------------------

Report DRC

Table of Contents
-----------------
1. REPORT SUMMARY
2. REPORT DETAILS

1. REPORT SUMMARY
-----------------
            Netlist: netlist
          Floorplan: checkpoint_Simple10GbeRudpKcu105Example
      Design limits: <entire design considered>
           Ruledeck: default
             Max violations: <unlimited>
             Violations found: 81
+-----------+----------+----------------------------------------+------------+
| Rule      | Severity | Description                            | Violations |
+-----------+----------+----------------------------------------+------------+
| DPIP-2    | Warning  | Input pipelining                       | 42         |
| DPOP-3    | Warning  | PREG Output pipelining                 | 12         |
| DPOP-4    | Warning  | MREG Output pipelining                 | 12         |
| PDCN-1569 | Warning  | LUT equation term check                | 3          |
| REQP-1852 | Warning  | BUFGCE_cascade_from_clock_buf          | 1          |
| REQP-1858 | Warning  | RAMB36E2_writefirst_collision_advisory | 10         |
| RTSTAT-10 | Warning  | No routable loads                      | 1          |
+-----------+----------+----------------------------------------+------------+

2. REPORT DETAILS
-----------------
DPIP-2#1 Warning
Input pipelining  
DSP U_Core/GEN_ETH.U_Rudp/GEN_VEC[0].U_RssiServer/U_RssiCore/Monitor_INST/R input U_Core/GEN_ETH.U_Rudp/GEN_VEC[0].U_RssiServer/U_RssiCore/Monitor_INST/R/A[29:0] is not pipelined. Pipelining DSP48 input will improve performance.
Related violations: <none>

DPIP-2#2 Warning
Input pipelining  
DSP U_Core/GEN_ETH.U_Rudp/GEN_VEC[0].U_RssiServer/U_RssiCore/Monitor_INST/R__1 input U_Core/GEN_ETH.U_Rudp/GEN_VEC[0].U_RssiServer/U_RssiCore/Monitor_INST/R__1/A[29:0] is not pipelined. Pipelining DSP48 input will improve performance.
Related violations: <none>

DPIP-2#3 Warning
Input pipelining  
DSP U_Core/GEN_ETH.U_Rudp/GEN_VEC[0].U_RssiServer/U_RssiCore/Monitor_INST/R__3 input U_Core/GEN_ETH.U_Rudp/GEN_VEC[0].U_RssiServer/U_RssiCore/Monitor_INST/R__3/A[29:0] is not pipelined. Pipelining DSP48 input will improve performance.
Related violations: <none>

DPIP-2#4 Warning
Input pipelining  
DSP U_Core/GEN_ETH.U_Rudp/GEN_VEC[1].U_RssiServer/U_RssiCore/Monitor_INST/R input U_Core/GEN_ETH.U_Rudp/GEN_VEC[1].U_RssiServer/U_RssiCore/Monitor_INST/R/A[29:0] is not pipelined. Pipelining DSP48 input will improve performance.
Related violations: <none>

DPIP-2#5 Warning
Input pipelining  
DSP U_Core/GEN_ETH.U_Rudp/GEN_VEC[1].U_RssiServer/U_RssiCore/Monitor_INST/R__1 input U_Core/GEN_ETH.U_Rudp/GEN_VEC[1].U_RssiServer/U_RssiCore/Monitor_INST/R__1/A[29:0] is not pipelined. Pipelining DSP48 input will improve performance.
Related violations: <none>

DPIP-2#6 Warning
Input pipelining  
DSP U_Core/GEN_ETH.U_Rudp/GEN_VEC[1].U_RssiServer/U_RssiCore/Monitor_INST/R__3 input U_Core/GEN_ETH.U_Rudp/GEN_VEC[1].U_RssiServer/U_RssiCore/Monitor_INST/R__3/A[29:0] is not pipelined. Pipelining DSP48 input will improve performance.
Related violations: <none>

DPIP-2#7 Warning
Input pipelining  
DSP U_Core/GEN_ETH.U_Rudp/U_AXIS_MON/GEN_VEC[0].U_AxiStreamMon/Sync_bandwidth/U_GreaterThan/r_reg[diff] input U_Core/GEN_ETH.U_Rudp/U_AXIS_MON/GEN_VEC[0].U_AxiStreamMon/Sync_bandwidth/U_GreaterThan/r_reg[diff]/A[29:0] is not pipelined. Pipelining DSP48 input will improve performance.
Related violations: <none>

DPIP-2#8 Warning
Input pipelining  
DSP U_Core/GEN_ETH.U_Rudp/U_AXIS_MON/GEN_VEC[0].U_AxiStreamMon/Sync_bandwidth/U_GreaterThan/r_reg[diff] input U_Core/GEN_ETH.U_Rudp/U_AXIS_MON/GEN_VEC[0].U_AxiStreamMon/Sync_bandwidth/U_GreaterThan/r_reg[diff]/B[17:0] is not pipelined. Pipelining DSP48 input will improve performance.
Related violations: <none>

DPIP-2#9 Warning
Input pipelining  
DSP U_Core/GEN_ETH.U_Rudp/U_AXIS_MON/GEN_VEC[0].U_AxiStreamMon/Sync_bandwidth/U_GreaterThan/r_reg[diff] input U_Core/GEN_ETH.U_Rudp/U_AXIS_MON/GEN_VEC[0].U_AxiStreamMon/Sync_bandwidth/U_GreaterThan/r_reg[diff]/C[47:0] is not pipelined. Pipelining DSP48 input will improve performance.
Related violations: <none>

DPIP-2#10 Warning
Input pipelining  
DSP U_Core/GEN_ETH.U_Rudp/U_AXIS_MON/GEN_VEC[0].U_AxiStreamMon/Sync_bandwidth/U_LessThan/r_reg[diff] input U_Core/GEN_ETH.U_Rudp/U_AXIS_MON/GEN_VEC[0].U_AxiStreamMon/Sync_bandwidth/U_LessThan/r_reg[diff]/A[29:0] is not pipelined. Pipelining DSP48 input will improve performance.
Related violations: <none>

DPIP-2#11 Warning
Input pipelining  
DSP U_Core/GEN_ETH.U_Rudp/U_AXIS_MON/GEN_VEC[0].U_AxiStreamMon/Sync_bandwidth/U_LessThan/r_reg[diff] input U_Core/GEN_ETH.U_Rudp/U_AXIS_MON/GEN_VEC[0].U_AxiStreamMon/Sync_bandwidth/U_LessThan/r_reg[diff]/B[17:0] is not pipelined. Pipelining DSP48 input will improve performance.
Related violations: <none>

DPIP-2#12 Warning
Input pipelining  
DSP U_Core/GEN_ETH.U_Rudp/U_AXIS_MON/GEN_VEC[0].U_AxiStreamMon/Sync_bandwidth/U_LessThan/r_reg[diff] input U_Core/GEN_ETH.U_Rudp/U_AXIS_MON/GEN_VEC[0].U_AxiStreamMon/Sync_bandwidth/U_LessThan/r_reg[diff]/C[47:0] is not pipelined. Pipelining DSP48 input will improve performance.
Related violations: <none>

DPIP-2#13 Warning
Input pipelining  
DSP U_Core/GEN_ETH.U_Rudp/U_AXIS_MON/GEN_VEC[0].U_AxiStreamMon/Sync_frameSize/U_GreaterThan/r_reg[diff] input U_Core/GEN_ETH.U_Rudp/U_AXIS_MON/GEN_VEC[0].U_AxiStreamMon/Sync_frameSize/U_GreaterThan/r_reg[diff]/A[29:0] is not pipelined. Pipelining DSP48 input will improve performance.
Related violations: <none>

DPIP-2#14 Warning
Input pipelining  
DSP U_Core/GEN_ETH.U_Rudp/U_AXIS_MON/GEN_VEC[0].U_AxiStreamMon/Sync_frameSize/U_GreaterThan/r_reg[diff] input U_Core/GEN_ETH.U_Rudp/U_AXIS_MON/GEN_VEC[0].U_AxiStreamMon/Sync_frameSize/U_GreaterThan/r_reg[diff]/B[17:0] is not pipelined. Pipelining DSP48 input will improve performance.
Related violations: <none>

DPIP-2#15 Warning
Input pipelining  
DSP U_Core/GEN_ETH.U_Rudp/U_AXIS_MON/GEN_VEC[0].U_AxiStreamMon/Sync_frameSize/U_GreaterThan/r_reg[diff] input U_Core/GEN_ETH.U_Rudp/U_AXIS_MON/GEN_VEC[0].U_AxiStreamMon/Sync_frameSize/U_GreaterThan/r_reg[diff]/C[47:0] is not pipelined. Pipelining DSP48 input will improve performance.
Related violations: <none>

DPIP-2#16 Warning
Input pipelining  
DSP U_Core/GEN_ETH.U_Rudp/U_AXIS_MON/GEN_VEC[0].U_AxiStreamMon/Sync_frameSize/U_LessThan/r_reg[diff] input U_Core/GEN_ETH.U_Rudp/U_AXIS_MON/GEN_VEC[0].U_AxiStreamMon/Sync_frameSize/U_LessThan/r_reg[diff]/A[29:0] is not pipelined. Pipelining DSP48 input will improve performance.
Related violations: <none>

DPIP-2#17 Warning
Input pipelining  
DSP U_Core/GEN_ETH.U_Rudp/U_AXIS_MON/GEN_VEC[0].U_AxiStreamMon/Sync_frameSize/U_LessThan/r_reg[diff] input U_Core/GEN_ETH.U_Rudp/U_AXIS_MON/GEN_VEC[0].U_AxiStreamMon/Sync_frameSize/U_LessThan/r_reg[diff]/B[17:0] is not pipelined. Pipelining DSP48 input will improve performance.
Related violations: <none>

DPIP-2#18 Warning
Input pipelining  
DSP U_Core/GEN_ETH.U_Rudp/U_AXIS_MON/GEN_VEC[0].U_AxiStreamMon/Sync_frameSize/U_LessThan/r_reg[diff] input U_Core/GEN_ETH.U_Rudp/U_AXIS_MON/GEN_VEC[0].U_AxiStreamMon/Sync_frameSize/U_LessThan/r_reg[diff]/C[47:0] is not pipelined. Pipelining DSP48 input will improve performance.
Related violations: <none>

DPIP-2#19 Warning
Input pipelining  
DSP U_Core/GEN_ETH.U_Rudp/U_AXIS_MON/GEN_VEC[0].U_AxiStreamMon/U_packetRate/U_Sync/U_GreaterThan/r_reg[diff] input U_Core/GEN_ETH.U_Rudp/U_AXIS_MON/GEN_VEC[0].U_AxiStreamMon/U_packetRate/U_Sync/U_GreaterThan/r_reg[diff]/A[29:0] is not pipelined. Pipelining DSP48 input will improve performance.
Related violations: <none>

DPIP-2#20 Warning
Input pipelining  
DSP U_Core/GEN_ETH.U_Rudp/U_AXIS_MON/GEN_VEC[0].U_AxiStreamMon/U_packetRate/U_Sync/U_GreaterThan/r_reg[diff] input U_Core/GEN_ETH.U_Rudp/U_AXIS_MON/GEN_VEC[0].U_AxiStreamMon/U_packetRate/U_Sync/U_GreaterThan/r_reg[diff]/B[17:0] is not pipelined. Pipelining DSP48 input will improve performance.
Related violations: <none>

DPIP-2#21 Warning
Input pipelining  
DSP U_Core/GEN_ETH.U_Rudp/U_AXIS_MON/GEN_VEC[0].U_AxiStreamMon/U_packetRate/U_Sync/U_GreaterThan/r_reg[diff] input U_Core/GEN_ETH.U_Rudp/U_AXIS_MON/GEN_VEC[0].U_AxiStreamMon/U_packetRate/U_Sync/U_GreaterThan/r_reg[diff]/C[47:0] is not pipelined. Pipelining DSP48 input will improve performance.
Related violations: <none>

DPIP-2#22 Warning
Input pipelining  
DSP U_Core/GEN_ETH.U_Rudp/U_AXIS_MON/GEN_VEC[0].U_AxiStreamMon/U_packetRate/U_Sync/U_LessThan/r_reg[diff] input U_Core/GEN_ETH.U_Rudp/U_AXIS_MON/GEN_VEC[0].U_AxiStreamMon/U_packetRate/U_Sync/U_LessThan/r_reg[diff]/A[29:0] is not pipelined. Pipelining DSP48 input will improve performance.
Related violations: <none>

DPIP-2#23 Warning
Input pipelining  
DSP U_Core/GEN_ETH.U_Rudp/U_AXIS_MON/GEN_VEC[0].U_AxiStreamMon/U_packetRate/U_Sync/U_LessThan/r_reg[diff] input U_Core/GEN_ETH.U_Rudp/U_AXIS_MON/GEN_VEC[0].U_AxiStreamMon/U_packetRate/U_Sync/U_LessThan/r_reg[diff]/B[17:0] is not pipelined. Pipelining DSP48 input will improve performance.
Related violations: <none>

DPIP-2#24 Warning
Input pipelining  
DSP U_Core/GEN_ETH.U_Rudp/U_AXIS_MON/GEN_VEC[0].U_AxiStreamMon/U_packetRate/U_Sync/U_LessThan/r_reg[diff] input U_Core/GEN_ETH.U_Rudp/U_AXIS_MON/GEN_VEC[0].U_AxiStreamMon/U_packetRate/U_Sync/U_LessThan/r_reg[diff]/C[47:0] is not pipelined. Pipelining DSP48 input will improve performance.
Related violations: <none>

DPIP-2#25 Warning
Input pipelining  
DSP U_Core/GEN_ETH.U_Rudp/U_AXIS_MON/GEN_VEC[1].U_AxiStreamMon/Sync_bandwidth/U_GreaterThan/r_reg[diff] input U_Core/GEN_ETH.U_Rudp/U_AXIS_MON/GEN_VEC[1].U_AxiStreamMon/Sync_bandwidth/U_GreaterThan/r_reg[diff]/A[29:0] is not pipelined. Pipelining DSP48 input will improve performance.
Related violations: <none>

DPIP-2#26 Warning
Input pipelining  
DSP U_Core/GEN_ETH.U_Rudp/U_AXIS_MON/GEN_VEC[1].U_AxiStreamMon/Sync_bandwidth/U_GreaterThan/r_reg[diff] input U_Core/GEN_ETH.U_Rudp/U_AXIS_MON/GEN_VEC[1].U_AxiStreamMon/Sync_bandwidth/U_GreaterThan/r_reg[diff]/B[17:0] is not pipelined. Pipelining DSP48 input will improve performance.
Related violations: <none>

DPIP-2#27 Warning
Input pipelining  
DSP U_Core/GEN_ETH.U_Rudp/U_AXIS_MON/GEN_VEC[1].U_AxiStreamMon/Sync_bandwidth/U_GreaterThan/r_reg[diff] input U_Core/GEN_ETH.U_Rudp/U_AXIS_MON/GEN_VEC[1].U_AxiStreamMon/Sync_bandwidth/U_GreaterThan/r_reg[diff]/C[47:0] is not pipelined. Pipelining DSP48 input will improve performance.
Related violations: <none>

DPIP-2#28 Warning
Input pipelining  
DSP U_Core/GEN_ETH.U_Rudp/U_AXIS_MON/GEN_VEC[1].U_AxiStreamMon/Sync_bandwidth/U_LessThan/r_reg[diff] input U_Core/GEN_ETH.U_Rudp/U_AXIS_MON/GEN_VEC[1].U_AxiStreamMon/Sync_bandwidth/U_LessThan/r_reg[diff]/A[29:0] is not pipelined. Pipelining DSP48 input will improve performance.
Related violations: <none>

DPIP-2#29 Warning
Input pipelining  
DSP U_Core/GEN_ETH.U_Rudp/U_AXIS_MON/GEN_VEC[1].U_AxiStreamMon/Sync_bandwidth/U_LessThan/r_reg[diff] input U_Core/GEN_ETH.U_Rudp/U_AXIS_MON/GEN_VEC[1].U_AxiStreamMon/Sync_bandwidth/U_LessThan/r_reg[diff]/B[17:0] is not pipelined. Pipelining DSP48 input will improve performance.
Related violations: <none>

DPIP-2#30 Warning
Input pipelining  
DSP U_Core/GEN_ETH.U_Rudp/U_AXIS_MON/GEN_VEC[1].U_AxiStreamMon/Sync_bandwidth/U_LessThan/r_reg[diff] input U_Core/GEN_ETH.U_Rudp/U_AXIS_MON/GEN_VEC[1].U_AxiStreamMon/Sync_bandwidth/U_LessThan/r_reg[diff]/C[47:0] is not pipelined. Pipelining DSP48 input will improve performance.
Related violations: <none>

DPIP-2#31 Warning
Input pipelining  
DSP U_Core/GEN_ETH.U_Rudp/U_AXIS_MON/GEN_VEC[1].U_AxiStreamMon/Sync_frameSize/U_GreaterThan/r_reg[diff] input U_Core/GEN_ETH.U_Rudp/U_AXIS_MON/GEN_VEC[1].U_AxiStreamMon/Sync_frameSize/U_GreaterThan/r_reg[diff]/A[29:0] is not pipelined. Pipelining DSP48 input will improve performance.
Related violations: <none>

DPIP-2#32 Warning
Input pipelining  
DSP U_Core/GEN_ETH.U_Rudp/U_AXIS_MON/GEN_VEC[1].U_AxiStreamMon/Sync_frameSize/U_GreaterThan/r_reg[diff] input U_Core/GEN_ETH.U_Rudp/U_AXIS_MON/GEN_VEC[1].U_AxiStreamMon/Sync_frameSize/U_GreaterThan/r_reg[diff]/B[17:0] is not pipelined. Pipelining DSP48 input will improve performance.
Related violations: <none>

DPIP-2#33 Warning
Input pipelining  
DSP U_Core/GEN_ETH.U_Rudp/U_AXIS_MON/GEN_VEC[1].U_AxiStreamMon/Sync_frameSize/U_GreaterThan/r_reg[diff] input U_Core/GEN_ETH.U_Rudp/U_AXIS_MON/GEN_VEC[1].U_AxiStreamMon/Sync_frameSize/U_GreaterThan/r_reg[diff]/C[47:0] is not pipelined. Pipelining DSP48 input will improve performance.
Related violations: <none>

DPIP-2#34 Warning
Input pipelining  
DSP U_Core/GEN_ETH.U_Rudp/U_AXIS_MON/GEN_VEC[1].U_AxiStreamMon/Sync_frameSize/U_LessThan/r_reg[diff] input U_Core/GEN_ETH.U_Rudp/U_AXIS_MON/GEN_VEC[1].U_AxiStreamMon/Sync_frameSize/U_LessThan/r_reg[diff]/A[29:0] is not pipelined. Pipelining DSP48 input will improve performance.
Related violations: <none>

DPIP-2#35 Warning
Input pipelining  
DSP U_Core/GEN_ETH.U_Rudp/U_AXIS_MON/GEN_VEC[1].U_AxiStreamMon/Sync_frameSize/U_LessThan/r_reg[diff] input U_Core/GEN_ETH.U_Rudp/U_AXIS_MON/GEN_VEC[1].U_AxiStreamMon/Sync_frameSize/U_LessThan/r_reg[diff]/B[17:0] is not pipelined. Pipelining DSP48 input will improve performance.
Related violations: <none>

DPIP-2#36 Warning
Input pipelining  
DSP U_Core/GEN_ETH.U_Rudp/U_AXIS_MON/GEN_VEC[1].U_AxiStreamMon/Sync_frameSize/U_LessThan/r_reg[diff] input U_Core/GEN_ETH.U_Rudp/U_AXIS_MON/GEN_VEC[1].U_AxiStreamMon/Sync_frameSize/U_LessThan/r_reg[diff]/C[47:0] is not pipelined. Pipelining DSP48 input will improve performance.
Related violations: <none>

DPIP-2#37 Warning
Input pipelining  
DSP U_Core/GEN_ETH.U_Rudp/U_AXIS_MON/GEN_VEC[1].U_AxiStreamMon/U_packetRate/U_Sync/U_GreaterThan/r_reg[diff] input U_Core/GEN_ETH.U_Rudp/U_AXIS_MON/GEN_VEC[1].U_AxiStreamMon/U_packetRate/U_Sync/U_GreaterThan/r_reg[diff]/A[29:0] is not pipelined. Pipelining DSP48 input will improve performance.
Related violations: <none>

DPIP-2#38 Warning
Input pipelining  
DSP U_Core/GEN_ETH.U_Rudp/U_AXIS_MON/GEN_VEC[1].U_AxiStreamMon/U_packetRate/U_Sync/U_GreaterThan/r_reg[diff] input U_Core/GEN_ETH.U_Rudp/U_AXIS_MON/GEN_VEC[1].U_AxiStreamMon/U_packetRate/U_Sync/U_GreaterThan/r_reg[diff]/B[17:0] is not pipelined. Pipelining DSP48 input will improve performance.
Related violations: <none>

DPIP-2#39 Warning
Input pipelining  
DSP U_Core/GEN_ETH.U_Rudp/U_AXIS_MON/GEN_VEC[1].U_AxiStreamMon/U_packetRate/U_Sync/U_GreaterThan/r_reg[diff] input U_Core/GEN_ETH.U_Rudp/U_AXIS_MON/GEN_VEC[1].U_AxiStreamMon/U_packetRate/U_Sync/U_GreaterThan/r_reg[diff]/C[47:0] is not pipelined. Pipelining DSP48 input will improve performance.
Related violations: <none>

DPIP-2#40 Warning
Input pipelining  
DSP U_Core/GEN_ETH.U_Rudp/U_AXIS_MON/GEN_VEC[1].U_AxiStreamMon/U_packetRate/U_Sync/U_LessThan/r_reg[diff] input U_Core/GEN_ETH.U_Rudp/U_AXIS_MON/GEN_VEC[1].U_AxiStreamMon/U_packetRate/U_Sync/U_LessThan/r_reg[diff]/A[29:0] is not pipelined. Pipelining DSP48 input will improve performance.
Related violations: <none>

DPIP-2#41 Warning
Input pipelining  
DSP U_Core/GEN_ETH.U_Rudp/U_AXIS_MON/GEN_VEC[1].U_AxiStreamMon/U_packetRate/U_Sync/U_LessThan/r_reg[diff] input U_Core/GEN_ETH.U_Rudp/U_AXIS_MON/GEN_VEC[1].U_AxiStreamMon/U_packetRate/U_Sync/U_LessThan/r_reg[diff]/B[17:0] is not pipelined. Pipelining DSP48 input will improve performance.
Related violations: <none>

DPIP-2#42 Warning
Input pipelining  
DSP U_Core/GEN_ETH.U_Rudp/U_AXIS_MON/GEN_VEC[1].U_AxiStreamMon/U_packetRate/U_Sync/U_LessThan/r_reg[diff] input U_Core/GEN_ETH.U_Rudp/U_AXIS_MON/GEN_VEC[1].U_AxiStreamMon/U_packetRate/U_Sync/U_LessThan/r_reg[diff]/C[47:0] is not pipelined. Pipelining DSP48 input will improve performance.
Related violations: <none>

DPOP-3#1 Warning
PREG Output pipelining  
DSP U_Core/GEN_ETH.U_Rudp/GEN_VEC[0].U_RssiServer/U_RssiCore/Monitor_INST/R output U_Core/GEN_ETH.U_Rudp/GEN_VEC[0].U_RssiServer/U_RssiCore/Monitor_INST/R/P[47:0] is not pipelined (PREG=0). Pipelining the DSP48 output will improve performance and often saves power so it is suggested whenever possible to fully pipeline this function.  If this DSP48 function was inferred, it is suggested to describe an additional register stage after this function.  If the DSP48 was instantiated in the design, it is suggested to set the PREG attribute to 1.
Related violations: <none>

DPOP-3#2 Warning
PREG Output pipelining  
DSP U_Core/GEN_ETH.U_Rudp/GEN_VEC[0].U_RssiServer/U_RssiCore/Monitor_INST/R__0 output U_Core/GEN_ETH.U_Rudp/GEN_VEC[0].U_RssiServer/U_RssiCore/Monitor_INST/R__0/P[47:0] is not pipelined (PREG=0). Pipelining the DSP48 output will improve performance and often saves power so it is suggested whenever possible to fully pipeline this function.  If this DSP48 function was inferred, it is suggested to describe an additional register stage after this function.  If the DSP48 was instantiated in the design, it is suggested to set the PREG attribute to 1.
Related violations: <none>

DPOP-3#3 Warning
PREG Output pipelining  
DSP U_Core/GEN_ETH.U_Rudp/GEN_VEC[0].U_RssiServer/U_RssiCore/Monitor_INST/R__1 output U_Core/GEN_ETH.U_Rudp/GEN_VEC[0].U_RssiServer/U_RssiCore/Monitor_INST/R__1/P[47:0] is not pipelined (PREG=0). Pipelining the DSP48 output will improve performance and often saves power so it is suggested whenever possible to fully pipeline this function.  If this DSP48 function was inferred, it is suggested to describe an additional register stage after this function.  If the DSP48 was instantiated in the design, it is suggested to set the PREG attribute to 1.
Related violations: <none>

DPOP-3#4 Warning
PREG Output pipelining  
DSP U_Core/GEN_ETH.U_Rudp/GEN_VEC[0].U_RssiServer/U_RssiCore/Monitor_INST/R__2 output U_Core/GEN_ETH.U_Rudp/GEN_VEC[0].U_RssiServer/U_RssiCore/Monitor_INST/R__2/P[47:0] is not pipelined (PREG=0). Pipelining the DSP48 output will improve performance and often saves power so it is suggested whenever possible to fully pipeline this function.  If this DSP48 function was inferred, it is suggested to describe an additional register stage after this function.  If the DSP48 was instantiated in the design, it is suggested to set the PREG attribute to 1.
Related violations: <none>

DPOP-3#5 Warning
PREG Output pipelining  
DSP U_Core/GEN_ETH.U_Rudp/GEN_VEC[0].U_RssiServer/U_RssiCore/Monitor_INST/R__3 output U_Core/GEN_ETH.U_Rudp/GEN_VEC[0].U_RssiServer/U_RssiCore/Monitor_INST/R__3/P[47:0] is not pipelined (PREG=0). Pipelining the DSP48 output will improve performance and often saves power so it is suggested whenever possible to fully pipeline this function.  If this DSP48 function was inferred, it is suggested to describe an additional register stage after this function.  If the DSP48 was instantiated in the design, it is suggested to set the PREG attribute to 1.
Related violations: <none>

DPOP-3#6 Warning
PREG Output pipelining  
DSP U_Core/GEN_ETH.U_Rudp/GEN_VEC[0].U_RssiServer/U_RssiCore/Monitor_INST/R__4 output U_Core/GEN_ETH.U_Rudp/GEN_VEC[0].U_RssiServer/U_RssiCore/Monitor_INST/R__4/P[47:0] is not pipelined (PREG=0). Pipelining the DSP48 output will improve performance and often saves power so it is suggested whenever possible to fully pipeline this function.  If this DSP48 function was inferred, it is suggested to describe an additional register stage after this function.  If the DSP48 was instantiated in the design, it is suggested to set the PREG attribute to 1.
Related violations: <none>

DPOP-3#7 Warning
PREG Output pipelining  
DSP U_Core/GEN_ETH.U_Rudp/GEN_VEC[1].U_RssiServer/U_RssiCore/Monitor_INST/R output U_Core/GEN_ETH.U_Rudp/GEN_VEC[1].U_RssiServer/U_RssiCore/Monitor_INST/R/P[47:0] is not pipelined (PREG=0). Pipelining the DSP48 output will improve performance and often saves power so it is suggested whenever possible to fully pipeline this function.  If this DSP48 function was inferred, it is suggested to describe an additional register stage after this function.  If the DSP48 was instantiated in the design, it is suggested to set the PREG attribute to 1.
Related violations: <none>

DPOP-3#8 Warning
PREG Output pipelining  
DSP U_Core/GEN_ETH.U_Rudp/GEN_VEC[1].U_RssiServer/U_RssiCore/Monitor_INST/R__0 output U_Core/GEN_ETH.U_Rudp/GEN_VEC[1].U_RssiServer/U_RssiCore/Monitor_INST/R__0/P[47:0] is not pipelined (PREG=0). Pipelining the DSP48 output will improve performance and often saves power so it is suggested whenever possible to fully pipeline this function.  If this DSP48 function was inferred, it is suggested to describe an additional register stage after this function.  If the DSP48 was instantiated in the design, it is suggested to set the PREG attribute to 1.
Related violations: <none>

DPOP-3#9 Warning
PREG Output pipelining  
DSP U_Core/GEN_ETH.U_Rudp/GEN_VEC[1].U_RssiServer/U_RssiCore/Monitor_INST/R__1 output U_Core/GEN_ETH.U_Rudp/GEN_VEC[1].U_RssiServer/U_RssiCore/Monitor_INST/R__1/P[47:0] is not pipelined (PREG=0). Pipelining the DSP48 output will improve performance and often saves power so it is suggested whenever possible to fully pipeline this function.  If this DSP48 function was inferred, it is suggested to describe an additional register stage after this function.  If the DSP48 was instantiated in the design, it is suggested to set the PREG attribute to 1.
Related violations: <none>

DPOP-3#10 Warning
PREG Output pipelining  
DSP U_Core/GEN_ETH.U_Rudp/GEN_VEC[1].U_RssiServer/U_RssiCore/Monitor_INST/R__2 output U_Core/GEN_ETH.U_Rudp/GEN_VEC[1].U_RssiServer/U_RssiCore/Monitor_INST/R__2/P[47:0] is not pipelined (PREG=0). Pipelining the DSP48 output will improve performance and often saves power so it is suggested whenever possible to fully pipeline this function.  If this DSP48 function was inferred, it is suggested to describe an additional register stage after this function.  If the DSP48 was instantiated in the design, it is suggested to set the PREG attribute to 1.
Related violations: <none>

DPOP-3#11 Warning
PREG Output pipelining  
DSP U_Core/GEN_ETH.U_Rudp/GEN_VEC[1].U_RssiServer/U_RssiCore/Monitor_INST/R__3 output U_Core/GEN_ETH.U_Rudp/GEN_VEC[1].U_RssiServer/U_RssiCore/Monitor_INST/R__3/P[47:0] is not pipelined (PREG=0). Pipelining the DSP48 output will improve performance and often saves power so it is suggested whenever possible to fully pipeline this function.  If this DSP48 function was inferred, it is suggested to describe an additional register stage after this function.  If the DSP48 was instantiated in the design, it is suggested to set the PREG attribute to 1.
Related violations: <none>

DPOP-3#12 Warning
PREG Output pipelining  
DSP U_Core/GEN_ETH.U_Rudp/GEN_VEC[1].U_RssiServer/U_RssiCore/Monitor_INST/R__4 output U_Core/GEN_ETH.U_Rudp/GEN_VEC[1].U_RssiServer/U_RssiCore/Monitor_INST/R__4/P[47:0] is not pipelined (PREG=0). Pipelining the DSP48 output will improve performance and often saves power so it is suggested whenever possible to fully pipeline this function.  If this DSP48 function was inferred, it is suggested to describe an additional register stage after this function.  If the DSP48 was instantiated in the design, it is suggested to set the PREG attribute to 1.
Related violations: <none>

DPOP-4#1 Warning
MREG Output pipelining  
DSP U_Core/GEN_ETH.U_Rudp/GEN_VEC[0].U_RssiServer/U_RssiCore/Monitor_INST/R multiplier stage U_Core/GEN_ETH.U_Rudp/GEN_VEC[0].U_RssiServer/U_RssiCore/Monitor_INST/R/P[47:0] is not pipelined (MREG=0). Pipelining the multiplier function will improve performance and will save significant power so it is suggested whenever possible to fully pipeline this function.  If this multiplier was inferred, it is suggested to describe an additional register stage after this function.  If there is no registered adder/accumulator following the multiply function, two pipeline stages are suggested to allow both the MREG and PREG registers to be used.  If the DSP48 was instantiated in the design, it is suggested to set both the MREG and PREG attributes to 1 when performing multiply functions.
Related violations: <none>

DPOP-4#2 Warning
MREG Output pipelining  
DSP U_Core/GEN_ETH.U_Rudp/GEN_VEC[0].U_RssiServer/U_RssiCore/Monitor_INST/R__0 multiplier stage U_Core/GEN_ETH.U_Rudp/GEN_VEC[0].U_RssiServer/U_RssiCore/Monitor_INST/R__0/P[47:0] is not pipelined (MREG=0). Pipelining the multiplier function will improve performance and will save significant power so it is suggested whenever possible to fully pipeline this function.  If this multiplier was inferred, it is suggested to describe an additional register stage after this function.  If there is no registered adder/accumulator following the multiply function, two pipeline stages are suggested to allow both the MREG and PREG registers to be used.  If the DSP48 was instantiated in the design, it is suggested to set both the MREG and PREG attributes to 1 when performing multiply functions.
Related violations: <none>

DPOP-4#3 Warning
MREG Output pipelining  
DSP U_Core/GEN_ETH.U_Rudp/GEN_VEC[0].U_RssiServer/U_RssiCore/Monitor_INST/R__1 multiplier stage U_Core/GEN_ETH.U_Rudp/GEN_VEC[0].U_RssiServer/U_RssiCore/Monitor_INST/R__1/P[47:0] is not pipelined (MREG=0). Pipelining the multiplier function will improve performance and will save significant power so it is suggested whenever possible to fully pipeline this function.  If this multiplier was inferred, it is suggested to describe an additional register stage after this function.  If there is no registered adder/accumulator following the multiply function, two pipeline stages are suggested to allow both the MREG and PREG registers to be used.  If the DSP48 was instantiated in the design, it is suggested to set both the MREG and PREG attributes to 1 when performing multiply functions.
Related violations: <none>

DPOP-4#4 Warning
MREG Output pipelining  
DSP U_Core/GEN_ETH.U_Rudp/GEN_VEC[0].U_RssiServer/U_RssiCore/Monitor_INST/R__2 multiplier stage U_Core/GEN_ETH.U_Rudp/GEN_VEC[0].U_RssiServer/U_RssiCore/Monitor_INST/R__2/P[47:0] is not pipelined (MREG=0). Pipelining the multiplier function will improve performance and will save significant power so it is suggested whenever possible to fully pipeline this function.  If this multiplier was inferred, it is suggested to describe an additional register stage after this function.  If there is no registered adder/accumulator following the multiply function, two pipeline stages are suggested to allow both the MREG and PREG registers to be used.  If the DSP48 was instantiated in the design, it is suggested to set both the MREG and PREG attributes to 1 when performing multiply functions.
Related violations: <none>

DPOP-4#5 Warning
MREG Output pipelining  
DSP U_Core/GEN_ETH.U_Rudp/GEN_VEC[0].U_RssiServer/U_RssiCore/Monitor_INST/R__3 multiplier stage U_Core/GEN_ETH.U_Rudp/GEN_VEC[0].U_RssiServer/U_RssiCore/Monitor_INST/R__3/P[47:0] is not pipelined (MREG=0). Pipelining the multiplier function will improve performance and will save significant power so it is suggested whenever possible to fully pipeline this function.  If this multiplier was inferred, it is suggested to describe an additional register stage after this function.  If there is no registered adder/accumulator following the multiply function, two pipeline stages are suggested to allow both the MREG and PREG registers to be used.  If the DSP48 was instantiated in the design, it is suggested to set both the MREG and PREG attributes to 1 when performing multiply functions.
Related violations: <none>

DPOP-4#6 Warning
MREG Output pipelining  
DSP U_Core/GEN_ETH.U_Rudp/GEN_VEC[0].U_RssiServer/U_RssiCore/Monitor_INST/R__4 multiplier stage U_Core/GEN_ETH.U_Rudp/GEN_VEC[0].U_RssiServer/U_RssiCore/Monitor_INST/R__4/P[47:0] is not pipelined (MREG=0). Pipelining the multiplier function will improve performance and will save significant power so it is suggested whenever possible to fully pipeline this function.  If this multiplier was inferred, it is suggested to describe an additional register stage after this function.  If there is no registered adder/accumulator following the multiply function, two pipeline stages are suggested to allow both the MREG and PREG registers to be used.  If the DSP48 was instantiated in the design, it is suggested to set both the MREG and PREG attributes to 1 when performing multiply functions.
Related violations: <none>

DPOP-4#7 Warning
MREG Output pipelining  
DSP U_Core/GEN_ETH.U_Rudp/GEN_VEC[1].U_RssiServer/U_RssiCore/Monitor_INST/R multiplier stage U_Core/GEN_ETH.U_Rudp/GEN_VEC[1].U_RssiServer/U_RssiCore/Monitor_INST/R/P[47:0] is not pipelined (MREG=0). Pipelining the multiplier function will improve performance and will save significant power so it is suggested whenever possible to fully pipeline this function.  If this multiplier was inferred, it is suggested to describe an additional register stage after this function.  If there is no registered adder/accumulator following the multiply function, two pipeline stages are suggested to allow both the MREG and PREG registers to be used.  If the DSP48 was instantiated in the design, it is suggested to set both the MREG and PREG attributes to 1 when performing multiply functions.
Related violations: <none>

DPOP-4#8 Warning
MREG Output pipelining  
DSP U_Core/GEN_ETH.U_Rudp/GEN_VEC[1].U_RssiServer/U_RssiCore/Monitor_INST/R__0 multiplier stage U_Core/GEN_ETH.U_Rudp/GEN_VEC[1].U_RssiServer/U_RssiCore/Monitor_INST/R__0/P[47:0] is not pipelined (MREG=0). Pipelining the multiplier function will improve performance and will save significant power so it is suggested whenever possible to fully pipeline this function.  If this multiplier was inferred, it is suggested to describe an additional register stage after this function.  If there is no registered adder/accumulator following the multiply function, two pipeline stages are suggested to allow both the MREG and PREG registers to be used.  If the DSP48 was instantiated in the design, it is suggested to set both the MREG and PREG attributes to 1 when performing multiply functions.
Related violations: <none>

DPOP-4#9 Warning
MREG Output pipelining  
DSP U_Core/GEN_ETH.U_Rudp/GEN_VEC[1].U_RssiServer/U_RssiCore/Monitor_INST/R__1 multiplier stage U_Core/GEN_ETH.U_Rudp/GEN_VEC[1].U_RssiServer/U_RssiCore/Monitor_INST/R__1/P[47:0] is not pipelined (MREG=0). Pipelining the multiplier function will improve performance and will save significant power so it is suggested whenever possible to fully pipeline this function.  If this multiplier was inferred, it is suggested to describe an additional register stage after this function.  If there is no registered adder/accumulator following the multiply function, two pipeline stages are suggested to allow both the MREG and PREG registers to be used.  If the DSP48 was instantiated in the design, it is suggested to set both the MREG and PREG attributes to 1 when performing multiply functions.
Related violations: <none>

DPOP-4#10 Warning
MREG Output pipelining  
DSP U_Core/GEN_ETH.U_Rudp/GEN_VEC[1].U_RssiServer/U_RssiCore/Monitor_INST/R__2 multiplier stage U_Core/GEN_ETH.U_Rudp/GEN_VEC[1].U_RssiServer/U_RssiCore/Monitor_INST/R__2/P[47:0] is not pipelined (MREG=0). Pipelining the multiplier function will improve performance and will save significant power so it is suggested whenever possible to fully pipeline this function.  If this multiplier was inferred, it is suggested to describe an additional register stage after this function.  If there is no registered adder/accumulator following the multiply function, two pipeline stages are suggested to allow both the MREG and PREG registers to be used.  If the DSP48 was instantiated in the design, it is suggested to set both the MREG and PREG attributes to 1 when performing multiply functions.
Related violations: <none>

DPOP-4#11 Warning
MREG Output pipelining  
DSP U_Core/GEN_ETH.U_Rudp/GEN_VEC[1].U_RssiServer/U_RssiCore/Monitor_INST/R__3 multiplier stage U_Core/GEN_ETH.U_Rudp/GEN_VEC[1].U_RssiServer/U_RssiCore/Monitor_INST/R__3/P[47:0] is not pipelined (MREG=0). Pipelining the multiplier function will improve performance and will save significant power so it is suggested whenever possible to fully pipeline this function.  If this multiplier was inferred, it is suggested to describe an additional register stage after this function.  If there is no registered adder/accumulator following the multiply function, two pipeline stages are suggested to allow both the MREG and PREG registers to be used.  If the DSP48 was instantiated in the design, it is suggested to set both the MREG and PREG attributes to 1 when performing multiply functions.
Related violations: <none>

DPOP-4#12 Warning
MREG Output pipelining  
DSP U_Core/GEN_ETH.U_Rudp/GEN_VEC[1].U_RssiServer/U_RssiCore/Monitor_INST/R__4 multiplier stage U_Core/GEN_ETH.U_Rudp/GEN_VEC[1].U_RssiServer/U_RssiCore/Monitor_INST/R__4/P[47:0] is not pipelined (MREG=0). Pipelining the multiplier function will improve performance and will save significant power so it is suggested whenever possible to fully pipeline this function.  If this multiplier was inferred, it is suggested to describe an additional register stage after this function.  If there is no registered adder/accumulator following the multiply function, two pipeline stages are suggested to allow both the MREG and PREG registers to be used.  If the DSP48 was instantiated in the design, it is suggested to set both the MREG and PREG attributes to 1 when performing multiply functions.
Related violations: <none>

PDCN-1569#1 Warning
LUT equation term check  
Used physical LUT pin 'A1' of cell dbg_hub/inst/BSCANID.u_xsdbm_id/SWITCH_EXT_BSCAN_WITH_CORE.id_state[0]_i_1 (pin dbg_hub/inst/BSCANID.u_xsdbm_id/SWITCH_EXT_BSCAN_WITH_CORE.id_state[0]_i_1/I0) is not included in the LUT equation: 'O6=(A6+~A6)*((A2))'. If this cell is a user instantiated LUT in the design, please remove connectivity to the pin or change the equation and/or INIT string of the LUT to prevent this issue. If the cell is inferred or IP created LUT, please regenerate the IP and/or resynthesize the design to attempt to correct the issue.
Related violations: <none>

PDCN-1569#2 Warning
LUT equation term check  
Used physical LUT pin 'A3' of cell dbg_hub/inst/BSCANID.u_xsdbm_id/SWITCH_EXT_BSCAN_WITH_CORE.bscan_switch/temp_curid[31]_i_1 (pin dbg_hub/inst/BSCANID.u_xsdbm_id/SWITCH_EXT_BSCAN_WITH_CORE.bscan_switch/temp_curid[31]_i_1/I0) is not included in the LUT equation: 'O6=(A6+~A6)*((A2*A1)+(A2*(~A1)*(~A5))+((~A2)))'. If this cell is a user instantiated LUT in the design, please remove connectivity to the pin or change the equation and/or INIT string of the LUT to prevent this issue. If the cell is inferred or IP created LUT, please regenerate the IP and/or resynthesize the design to attempt to correct the issue.
Related violations: <none>

PDCN-1569#3 Warning
LUT equation term check  
Used physical LUT pin 'A4' of cell dbg_hub/inst/BSCANID.u_xsdbm_id/SWITCH_EXT_BSCAN_WITH_CORE.bscan_switch/temp_curid[31]_i_1 (pin dbg_hub/inst/BSCANID.u_xsdbm_id/SWITCH_EXT_BSCAN_WITH_CORE.bscan_switch/temp_curid[31]_i_1/I1) is not included in the LUT equation: 'O6=(A6+~A6)*((A2*A1)+(A2*(~A1)*(~A5))+((~A2)))'. If this cell is a user instantiated LUT in the design, please remove connectivity to the pin or change the equation and/or INIT string of the LUT to prevent this issue. If the cell is inferred or IP created LUT, please regenerate the IP and/or resynthesize the design to attempt to correct the issue.
Related violations: <none>

REQP-1852#1 Warning
BUFGCE_cascade_from_clock_buf  
Cascaded clock buffers exist in the design with constant CE pin. This may result in large clock skew and timing violations. Cell BUFGCE dbg_hub/inst/BSCANID.u_xsdbm_id/SWITCH_EXT_BSCAN_WITH_CORE.u_bufg_icon_tck I pin is driven by another clock buffer U_Core/GEN_ETH.U_Rudp/U_XVC/U_XvcServer/U_AxisJtagDebugBridge/U_JTAG_BSCAN/U0/bsip/U0/USE_SOFTBSCAN.U_TAP_TCKBUFG.
Related violations: <none>

REQP-1858#1 Warning
RAMB36E2_writefirst_collision_advisory  
Synchronous clocking is detected for BRAM (U_Core/GEN_ETH.U_Rudp/GEN_VEC[0].U_RssiServer/U_RssiCore/AppFifoOut_INST/U_Fifo/ONE_STAGE.Fifo_1xStage/GEN_INFERRED.FIFO_SYNC_Gen.FifoSync_Inst/GEN_RAM.U_RAM/mem_reg) in SDP mode with WRITE_FIRST write-mode. It is strongly suggested to change this mode to NO_CHANGE for best power characteristics. However, both WRITE_FIRST and NO_CHANGE may exhibit address collisions if the same address appears on both read and write ports resulting in unknown or corrupted read data. It is suggested to confirm via simulation that an address collision never occurs and if so it is suggested to try and avoid this situation. If address collisions cannot be avoided, the write-mode may be set to READ_FIRST which guarantees that the read data is the prior contents of the memory at the cost of additional power in the design. See the FPGA Memory Resources User Guide for additional information.
Related violations: <none>

REQP-1858#2 Warning
RAMB36E2_writefirst_collision_advisory  
Synchronous clocking is detected for BRAM (U_Core/GEN_ETH.U_Rudp/GEN_VEC[0].U_RssiServer/U_RssiCore/TspFifoOut_INST/U_Fifo/ONE_STAGE.Fifo_1xStage/GEN_INFERRED.FIFO_SYNC_Gen.FifoSync_Inst/GEN_RAM.U_RAM/mem_reg) in SDP mode with WRITE_FIRST write-mode. It is strongly suggested to change this mode to NO_CHANGE for best power characteristics. However, both WRITE_FIRST and NO_CHANGE may exhibit address collisions if the same address appears on both read and write ports resulting in unknown or corrupted read data. It is suggested to confirm via simulation that an address collision never occurs and if so it is suggested to try and avoid this situation. If address collisions cannot be avoided, the write-mode may be set to READ_FIRST which guarantees that the read data is the prior contents of the memory at the cost of additional power in the design. See the FPGA Memory Resources User Guide for additional information.
Related violations: <none>

REQP-1858#3 Warning
RAMB36E2_writefirst_collision_advisory  
Synchronous clocking is detected for BRAM (U_Core/GEN_ETH.U_Rudp/U_10GigE/GEN_LANE[0].TenGigEthGthUltraScale_Inst/U_MAC/U_Tx/U_Csum/Fifo_Cache/U_Fifo/TWO_STAGE.Fifo_First_Stage/GEN_INFERRED.FIFO_SYNC_Gen.FifoSync_Inst/GEN_RAM.U_RAM/mem_reg_0) in SDP mode with WRITE_FIRST write-mode. It is strongly suggested to change this mode to NO_CHANGE for best power characteristics. However, both WRITE_FIRST and NO_CHANGE may exhibit address collisions if the same address appears on both read and write ports resulting in unknown or corrupted read data. It is suggested to confirm via simulation that an address collision never occurs and if so it is suggested to try and avoid this situation. If address collisions cannot be avoided, the write-mode may be set to READ_FIRST which guarantees that the read data is the prior contents of the memory at the cost of additional power in the design. See the FPGA Memory Resources User Guide for additional information.
Related violations: <none>

REQP-1858#4 Warning
RAMB36E2_writefirst_collision_advisory  
Synchronous clocking is detected for BRAM (U_Core/GEN_ETH.U_Rudp/U_10GigE/GEN_LANE[0].TenGigEthGthUltraScale_Inst/U_MAC/U_Tx/U_Csum/Fifo_Cache/U_Fifo/TWO_STAGE.Fifo_First_Stage/GEN_INFERRED.FIFO_SYNC_Gen.FifoSync_Inst/GEN_RAM.U_RAM/mem_reg_1) in SDP mode with WRITE_FIRST write-mode. It is strongly suggested to change this mode to NO_CHANGE for best power characteristics. However, both WRITE_FIRST and NO_CHANGE may exhibit address collisions if the same address appears on both read and write ports resulting in unknown or corrupted read data. It is suggested to confirm via simulation that an address collision never occurs and if so it is suggested to try and avoid this situation. If address collisions cannot be avoided, the write-mode may be set to READ_FIRST which guarantees that the read data is the prior contents of the memory at the cost of additional power in the design. See the FPGA Memory Resources User Guide for additional information.
Related violations: <none>

REQP-1858#5 Warning
RAMB36E2_writefirst_collision_advisory  
Synchronous clocking is detected for BRAM (U_Core/GEN_ETH.U_Rudp/U_10GigE/GEN_LANE[0].TenGigEthGthUltraScale_Inst/U_MAC/U_Tx/U_Csum/Fifo_Cache/U_Fifo/TWO_STAGE.Fifo_Last_Stage/GEN_INFERRED.FIFO_SYNC_Gen.FifoSync_Inst/GEN_RAM.U_RAM/mem_reg_0) in SDP mode with WRITE_FIRST write-mode. It is strongly suggested to change this mode to NO_CHANGE for best power characteristics. However, both WRITE_FIRST and NO_CHANGE may exhibit address collisions if the same address appears on both read and write ports resulting in unknown or corrupted read data. It is suggested to confirm via simulation that an address collision never occurs and if so it is suggested to try and avoid this situation. If address collisions cannot be avoided, the write-mode may be set to READ_FIRST which guarantees that the read data is the prior contents of the memory at the cost of additional power in the design. See the FPGA Memory Resources User Guide for additional information.
Related violations: <none>

REQP-1858#6 Warning
RAMB36E2_writefirst_collision_advisory  
Synchronous clocking is detected for BRAM (U_Core/GEN_ETH.U_Rudp/U_10GigE/GEN_LANE[0].TenGigEthGthUltraScale_Inst/U_MAC/U_Tx/U_Csum/Fifo_Cache/U_Fifo/TWO_STAGE.Fifo_Last_Stage/GEN_INFERRED.FIFO_SYNC_Gen.FifoSync_Inst/GEN_RAM.U_RAM/mem_reg_1) in SDP mode with WRITE_FIRST write-mode. It is strongly suggested to change this mode to NO_CHANGE for best power characteristics. However, both WRITE_FIRST and NO_CHANGE may exhibit address collisions if the same address appears on both read and write ports resulting in unknown or corrupted read data. It is suggested to confirm via simulation that an address collision never occurs and if so it is suggested to try and avoid this situation. If address collisions cannot be avoided, the write-mode may be set to READ_FIRST which guarantees that the read data is the prior contents of the memory at the cost of additional power in the design. See the FPGA Memory Resources User Guide for additional information.
Related violations: <none>

REQP-1858#7 Warning
RAMB36E2_writefirst_collision_advisory  
Synchronous clocking is detected for BRAM (U_Core/GEN_ETH.U_Rudp/U_SRPv3/RX_FIFO/U_Fifo/ONE_STAGE.Fifo_1xStage/GEN_INFERRED.FIFO_SYNC_Gen.FifoSync_Inst/GEN_RAM.U_RAM/mem_reg_0) in SDP mode with WRITE_FIRST write-mode. It is strongly suggested to change this mode to NO_CHANGE for best power characteristics. However, both WRITE_FIRST and NO_CHANGE may exhibit address collisions if the same address appears on both read and write ports resulting in unknown or corrupted read data. It is suggested to confirm via simulation that an address collision never occurs and if so it is suggested to try and avoid this situation. If address collisions cannot be avoided, the write-mode may be set to READ_FIRST which guarantees that the read data is the prior contents of the memory at the cost of additional power in the design. See the FPGA Memory Resources User Guide for additional information.
Related violations: <none>

REQP-1858#8 Warning
RAMB36E2_writefirst_collision_advisory  
Synchronous clocking is detected for BRAM (U_Core/GEN_ETH.U_Rudp/U_SRPv3/RX_FIFO/U_Fifo/ONE_STAGE.Fifo_1xStage/GEN_INFERRED.FIFO_SYNC_Gen.FifoSync_Inst/GEN_RAM.U_RAM/mem_reg_1) in SDP mode with WRITE_FIRST write-mode. It is strongly suggested to change this mode to NO_CHANGE for best power characteristics. However, both WRITE_FIRST and NO_CHANGE may exhibit address collisions if the same address appears on both read and write ports resulting in unknown or corrupted read data. It is suggested to confirm via simulation that an address collision never occurs and if so it is suggested to try and avoid this situation. If address collisions cannot be avoided, the write-mode may be set to READ_FIRST which guarantees that the read data is the prior contents of the memory at the cost of additional power in the design. See the FPGA Memory Resources User Guide for additional information.
Related violations: <none>

REQP-1858#9 Warning
RAMB36E2_writefirst_collision_advisory  
Synchronous clocking is detected for BRAM (U_Core/GEN_ETH.U_Rudp/U_SRPv3/TX_FIFO/U_Fifo/ONE_STAGE.Fifo_1xStage/GEN_INFERRED.FIFO_SYNC_Gen.FifoSync_Inst/GEN_RAM.U_RAM/mem_reg_0) in SDP mode with WRITE_FIRST write-mode. It is strongly suggested to change this mode to NO_CHANGE for best power characteristics. However, both WRITE_FIRST and NO_CHANGE may exhibit address collisions if the same address appears on both read and write ports resulting in unknown or corrupted read data. It is suggested to confirm via simulation that an address collision never occurs and if so it is suggested to try and avoid this situation. If address collisions cannot be avoided, the write-mode may be set to READ_FIRST which guarantees that the read data is the prior contents of the memory at the cost of additional power in the design. See the FPGA Memory Resources User Guide for additional information.
Related violations: <none>

REQP-1858#10 Warning
RAMB36E2_writefirst_collision_advisory  
Synchronous clocking is detected for BRAM (U_Core/GEN_ETH.U_Rudp/U_SRPv3/TX_FIFO/U_Fifo/ONE_STAGE.Fifo_1xStage/GEN_INFERRED.FIFO_SYNC_Gen.FifoSync_Inst/GEN_RAM.U_RAM/mem_reg_1) in SDP mode with WRITE_FIRST write-mode. It is strongly suggested to change this mode to NO_CHANGE for best power characteristics. However, both WRITE_FIRST and NO_CHANGE may exhibit address collisions if the same address appears on both read and write ports resulting in unknown or corrupted read data. It is suggested to confirm via simulation that an address collision never occurs and if so it is suggested to try and avoid this situation. If address collisions cannot be avoided, the write-mode may be set to READ_FIRST which guarantees that the read data is the prior contents of the memory at the cost of additional power in the design. See the FPGA Memory Resources User Guide for additional information.
Related violations: <none>

RTSTAT-10#1 Warning
No routable loads  
213 net(s) have no routable loads. The problem bus(es) and/or net(s) are U_Core/GEN_ETH.U_Rudp/U_10GigE/GEN_LANE[0].TenGigEthGthUltraScale_Inst/U_MAC/U_Rx/U_Import/U_10G.U_XGMII/crcWidthDly3[2:0],
U_Core/GEN_REAL.U_SysMon/U_SysmonIpCore/U0/AXI_SYSMON_CORE_I/daddr_C_master_reg2[7:0],
U_Core/GEN_REAL.U_SysMon/U_SysmonIpCore/U0/AXI_SYSMON_CORE_I/daddr_C_master_reg[7:0],
U_Core/GEN_REAL.U_SysMon/U_SysmonIpCore/U0/AXI_SYSMON_CORE_I/daddr_C_slave0_reg2[7:0],
U_Core/GEN_REAL.U_SysMon/U_SysmonIpCore/U0/AXI_SYSMON_CORE_I/daddr_C_slave0_reg[7:0],
U_Core/GEN_REAL.U_SysMon/U_SysmonIpCore/U0/AXI_SYSMON_CORE_I/daddr_C_slave1_reg2[7:0],
U_Core/GEN_REAL.U_SysMon/U_SysmonIpCore/U0/AXI_SYSMON_CORE_I/daddr_C_slave1_reg[7:0],
U_Core/GEN_REAL.U_SysMon/U_SysmonIpCore/U0/AXI_SYSMON_CORE_I/di_C_master_reg2[15:0],
U_Core/GEN_REAL.U_SysMon/U_SysmonIpCore/U0/AXI_SYSMON_CORE_I/di_C_master_reg[15:0],
U_Core/GEN_REAL.U_SysMon/U_SysmonIpCore/U0/AXI_SYSMON_CORE_I/di_C_slave0_reg2[15:0],
U_Core/GEN_REAL.U_SysMon/U_SysmonIpCore/U0/AXI_SYSMON_CORE_I/di_C_slave0_reg[15:0],
dbg_hub/inst/BSCANID.u_xsdbm_id/CORE_XSDB.UUT_MASTER/U_ICON_INTERFACE/U_CMD1/ctl_reg_en_2[1],
dbg_hub/inst/BSCANID.u_xsdbm_id/CORE_XSDB.UUT_MASTER/U_ICON_INTERFACE/U_CMD6_RD/U_RD_FIFO/SUBCORE_FIFO.xsdbm_v3_0_0_rdfifo_inst/inst_fifo_gen/gconvfifo.rf/grf.rf/gntv_or_sync_fifo.gl0.rd/gr1.gr1_int.rfwft/aempty_fwft_i,
dbg_hub/inst/BSCANID.u_xsdbm_id/CORE_XSDB.UUT_MASTER/U_ICON_INTERFACE/U_CMD7_CTL/ctl_reg[2:0],
dbg_hub/inst/BSCANID.u_xsdbm_id/CORE_XSDB.UUT_MASTER/U_ICON_INTERFACE/U_CMD7_CTL/ctl_reg_en_2[1]
 (the first 15 of 50 listed).
Related violations: <none>


