#-----------------------------------------------------------
# Vivado v2022.2 (64-bit)
# SW Build 3671981 on Fri Oct 14 04:59:54 MDT 2022
# IP Build 3669848 on Fri Oct 14 08:30:02 MDT 2022
# Start of session at: Mon Nov  6 16:22:45 2023
# Process ID: 17997
# Current directory: /home/tesla/workspace/08.rtl_design/Simple-10GbE-RUDP-KCU105-Example/firmware/build/Simple10GbeRudpKcu105Example
# Command line: vivado -mode batch -source /home/tesla/workspace/08.rtl_design/Simple-10GbE-RUDP-KCU105-Example/firmware/submodules/ruckus/vivado/sources.tcl
# Log file: /home/tesla/workspace/08.rtl_design/Simple-10GbE-RUDP-KCU105-Example/firmware/build/Simple10GbeRudpKcu105Example/vivado.log
# Journal file: /home/tesla/workspace/08.rtl_design/Simple-10GbE-RUDP-KCU105-Example/firmware/build/Simple10GbeRudpKcu105Example/vivado.jou
# Running On: tesla, OS: Linux, CPU Frequency: 3600.000 MHz, CPU Physical cores: 8, Host memory: 67349 MB
#-----------------------------------------------------------
source /home/tesla/workspace/08.rtl_design/Simple-10GbE-RUDP-KCU105-Example/firmware/submodules/ruckus/vivado/sources.tcl
# source -quiet $::env(RUCKUS_DIR)/vivado/env_var.tcl
# source -quiet $::env(RUCKUS_DIR)/vivado/proc.tcl
# CheckWritePermission
# CheckGitVersion
# if { [file exists ${IMAGES_DIR}] != 1 } {
#    # Make image dir
#    exec mkdir ${IMAGES_DIR}
# }
# source ${RUCKUS_DIR}/vivado/project.tcl
## source -quiet $::env(RUCKUS_DIR)/vivado/env_var.tcl
## source -quiet $::env(RUCKUS_DIR)/vivado/proc.tcl
## CheckVivadoVersion
## set try_to_open [catch { open_project -quiet ${VIVADO_PROJECT} }]
## if { [file exists ${VIVADO_PROJECT}.xpr]} {
##    open_project -quiet ${VIVADO_PROJECT}
## } else {
##    # Create a Project
##    create_project ${VIVADO_PROJECT} -force ${OUT_DIR} -part ${PRJ_PART}
## }
## source -quiet ${RUCKUS_DIR}/vivado/messages.tcl
## set_property target_language VHDL [current_project]
## if { [VersionCompare 2023.1] <= 0 } {
##    config_webtalk -user off
## }
## set_property STEPS.SYNTH_DESIGN.ARGS.FLATTEN_HIERARCHY none [get_runs synth_1]
## source ${RUCKUS_DIR}/vivado/properties.tcl
### source -quiet $::env(RUCKUS_DIR)/vivado/env_var.tcl
### source -quiet $::env(RUCKUS_DIR)/vivado/proc.tcl
### set_property STEPS.SYNTH_DESIGN.TCL.PRE  ${RUCKUS_DIR}/vivado/run/pre/synth.tcl  [get_runs synth_1]
### set_property STEPS.SYNTH_DESIGN.TCL.POST ${RUCKUS_DIR}/vivado/run/post/synth.tcl [get_runs synth_1]
### set_property STEPS.OPT_DESIGN.TCL.PRE  ${RUCKUS_DIR}/vivado/run/pre/opt.tcl  [get_runs impl_1]
### set_property STEPS.OPT_DESIGN.TCL.POST ${RUCKUS_DIR}/vivado/run/post/opt.tcl [get_runs impl_1]
### set_property STEPS.POWER_OPT_DESIGN.TCL.PRE  ${RUCKUS_DIR}/vivado/run/pre/power_opt.tcl  [get_runs impl_1]
### set_property STEPS.POWER_OPT_DESIGN.TCL.POST ${RUCKUS_DIR}/vivado/run/post/power_opt.tcl [get_runs impl_1]
### set_property STEPS.PLACE_DESIGN.TCL.PRE  ${RUCKUS_DIR}/vivado/run/pre/place.tcl  [get_runs impl_1]
### set_property STEPS.PLACE_DESIGN.TCL.POST ${RUCKUS_DIR}/vivado/run/post/place.tcl [get_runs impl_1]
### set_property STEPS.POST_PLACE_POWER_OPT_DESIGN.TCL.PRE  ${RUCKUS_DIR}/vivado/run/pre/post_place_power_opt.tcl  [get_runs impl_1]
### set_property STEPS.POST_PLACE_POWER_OPT_DESIGN.TCL.POST ${RUCKUS_DIR}/vivado/run/post/post_place_power_opt.tcl [get_runs impl_1]
### set_property STEPS.PHYS_OPT_DESIGN.TCL.PRE  ${RUCKUS_DIR}/vivado/run/pre/phys_opt.tcl  [get_runs impl_1]
### set_property STEPS.PHYS_OPT_DESIGN.TCL.POST ${RUCKUS_DIR}/vivado/run/post/phys_opt.tcl [get_runs impl_1]
### set_property STEPS.ROUTE_DESIGN.TCL.PRE  ${RUCKUS_DIR}/vivado/run/pre/route.tcl  [get_runs impl_1]
### set_property STEPS.ROUTE_DESIGN.TCL.POST ${RUCKUS_DIR}/vivado/run/post/route.tcl [get_runs impl_1]
### set_property STEPS.POST_ROUTE_PHYS_OPT_DESIGN.TCL.PRE  ${RUCKUS_DIR}/vivado/run/pre/post_route_phys_opt.tcl  [get_runs impl_1]
### set_property STEPS.POST_ROUTE_PHYS_OPT_DESIGN.TCL.POST ${RUCKUS_DIR}/vivado/run/post/post_route_phys_opt.tcl [get_runs impl_1]
### if { [isVersal] } {
###    set_property STEPS.WRITE_DEVICE_IMAGE.TCL.PRE ${RUCKUS_DIR}/vivado/messages.tcl [get_runs impl_1]
###    set_property STEPS.WRITE_DEVICE_IMAGE.TCL.POST "" [get_runs impl_1]
### } else {
###    set_property STEPS.WRITE_BITSTREAM.TCL.PRE    ${RUCKUS_DIR}/vivado/messages.tcl [get_runs impl_1]
###    set_property STEPS.WRITE_BITSTREAM.TCL.POST "" [get_runs impl_1]
### 
###    if { $::env(GEN_BIN_IMAGE) != 0 } {
###       # Enable .bin generation for partial reconfiguration
###       set_property STEPS.WRITE_BITSTREAM.ARGS.BIN_FILE true [get_runs impl_1]
###    }
### 
### }
### if { [VersionCompare 2016.1] >= 0 } {
###    set_property STEPS.SYNTH_DESIGN.ARGS.ASSERT true [get_runs synth_1]
### }
### set_property STEPS.PHYS_OPT_DESIGN.IS_ENABLED true [get_runs impl_1]
### if { [VersionCompare 2019.1] >= 0 } {
###    set_property AUTO_INCREMENTAL_CHECKPOINT 1 [get_runs synth_1]
### }
### if { [VersionCompare 2018.3] >= 0 } {
###    set_property AUTO_INCREMENTAL_CHECKPOINT 1 [get_runs impl_1]
### }
### SourceTclFile ${VIVADO_DIR}/properties.tcl
## set_param messaging.defaultLimit 10000
## set_property simulator_language Mixed [current_project]
## set_property nl.process_corner slow   [get_filesets sim_1]
## set_property nl.sdf_anno true         [get_filesets sim_1]
## set_property SOURCE_SET sources_1     [get_filesets sim_1]
## if { [VersionCompare 2014.2] <= 0 } {
##    set_property runtime {}             [get_filesets sim_1]
##    set_property xelab.debug_level all  [get_filesets sim_1]
##    set_property xelab.mt_level auto    [get_filesets sim_1]
##    set_property xelab.sdf_delay sdfmin [get_filesets sim_1]
##    set_property xelab.rangecheck false [get_filesets sim_1]
##    set_property xelab.unifast false    [get_filesets sim_1]
## } else {
##    set_property xsim.simulate.runtime {}  [get_filesets sim_1]
##    set_property xsim.debug_level all      [get_filesets sim_1]
##    set_property xsim.mt_level auto        [get_filesets sim_1]
##    set_property xsim.sdf_delay sdfmin     [get_filesets sim_1]
##    set_property xsim.rangecheck false     [get_filesets sim_1]
##    set_property xsim.unifast false        [get_filesets sim_1]
## 
##    set_property -name {xsim.compile.xvlog.more_options} -value {-d SIM_SPEED_UP} -objects [get_filesets sim_1]
## }
## set cpuNum [GetCpuNumber]
## if { [VersionCompare 2018.2] <= 0 } {
##    if { ${cpuNum} >= 8 } {
##       set_param general.maxThreads 8
##    } else {
##       set_param general.maxThreads ${cpuNum}
##    }
## } else {
##    if { ${cpuNum} >= 32 } {
##       set_param general.maxThreads 32
##    } else {
##       set_param general.maxThreads ${cpuNum}
##    }
## }
## if { ${cpuNum} >= 8 } {
##    set_param synth.maxThreads 8
## } else {
##    set_param synth.maxThreads ${cpuNum}
## }
## SourceTclFile ${VIVADO_DIR}/project_setup.tcl
# VivadoRefresh ${VIVADO_PROJECT}
# set_property ip_repo_paths $::env(IP_REPO) [current_project]
# update_ip_catalog
INFO: [IP_Flow 19-234] Refreshing IP repositories
INFO: [IP_Flow 19-1700] Loaded user IP repository '/home/tesla/workspace/08.rtl_design/Simple-10GbE-RUDP-KCU105-Example/firmware/build/Simple10GbeRudpKcu105Example/ip_repo'.
INFO: [IP_Flow 19-2313] Loaded Vivado IP repository '/opt/Xilinx/Vivado/2022.2/data/ip'.
# GenBuildString "${OUT_DIR}/${VIVADO_PROJECT}.srcs"
# set pathToLog "${OUT_DIR}/${VIVADO_PROJECT}.srcs/BuildInfo.log"
# set gitHash [GetGitHash]
# set fwVersion [GetFwVersion]
# if { [expr [file exists ${pathToLog}]] == 0 } {
#    reset_run synth_1
# } else {
# 
#    # Get the previous build info
#    set in [open ${pathToLog} r]
#    gets ${in} oldGitHash
#    gets ${in} oldFwVersion
#    close ${in}
# 
#    # Compare the old to current
#    if { ${oldGitHash}   != ${gitHash} ||
#         ${oldFwVersion} != ${fwVersion}} {
#       reset_run synth_1
#    }
# }
# set out [open ${pathToLog} w]
# puts ${out} ${gitHash}
# puts ${out} ${fwVersion}
# close ${out}
# set_property top ${PROJECT} [current_fileset]
# if { [info exists ::env(VIVADO_PROJECT_SIM)] } {
#     set_property top ${VIVADO_PROJECT_SIM} [get_filesets sim_1]
# }
# set ::DIR_PATH ""
# set ::DIR_LIST ""
# set ::IP_LIST  ""
# set ::IP_FILES ""
# set ::BD_FILES ""
# loadRuckusTcl ${PROJ_DIR}
loadRuckusTcl: /home/tesla/workspace/08.rtl_design/Simple-10GbE-RUDP-KCU105-Example/firmware/targets/Simple10GbeRudpKcu105Example 
loadRuckusTcl: /home/tesla/workspace/08.rtl_design/Simple-10GbE-RUDP-KCU105-Example/firmware/submodules/surf 
loadRuckusTcl: /home/tesla/workspace/08.rtl_design/Simple-10GbE-RUDP-KCU105-Example/firmware/submodules/surf/axi 
loadRuckusTcl: /home/tesla/workspace/08.rtl_design/Simple-10GbE-RUDP-KCU105-Example/firmware/submodules/surf/axi/axi4 
loadRuckusTcl: /home/tesla/workspace/08.rtl_design/Simple-10GbE-RUDP-KCU105-Example/firmware/submodules/surf/axi/axi-lite 
loadRuckusTcl: /home/tesla/workspace/08.rtl_design/Simple-10GbE-RUDP-KCU105-Example/firmware/submodules/surf/axi/axi-stream 
loadRuckusTcl: /home/tesla/workspace/08.rtl_design/Simple-10GbE-RUDP-KCU105-Example/firmware/submodules/surf/axi/bridge 
loadRuckusTcl: /home/tesla/workspace/08.rtl_design/Simple-10GbE-RUDP-KCU105-Example/firmware/submodules/surf/axi/dma 
loadRuckusTcl: /home/tesla/workspace/08.rtl_design/Simple-10GbE-RUDP-KCU105-Example/firmware/submodules/surf/base 
loadRuckusTcl: /home/tesla/workspace/08.rtl_design/Simple-10GbE-RUDP-KCU105-Example/firmware/submodules/surf/base/delay 
loadRuckusTcl: /home/tesla/workspace/08.rtl_design/Simple-10GbE-RUDP-KCU105-Example/firmware/submodules/surf/base/crc 
loadRuckusTcl: /home/tesla/workspace/08.rtl_design/Simple-10GbE-RUDP-KCU105-Example/firmware/submodules/surf/base/fifo 
loadRuckusTcl: /home/tesla/workspace/08.rtl_design/Simple-10GbE-RUDP-KCU105-Example/firmware/submodules/surf/base/general 
loadRuckusTcl: /home/tesla/workspace/08.rtl_design/Simple-10GbE-RUDP-KCU105-Example/firmware/submodules/surf/base/ram 
loadRuckusTcl: /home/tesla/workspace/08.rtl_design/Simple-10GbE-RUDP-KCU105-Example/firmware/submodules/surf/base/sync 
loadRuckusTcl: /home/tesla/workspace/08.rtl_design/Simple-10GbE-RUDP-KCU105-Example/firmware/submodules/surf/dsp 
loadRuckusTcl: /home/tesla/workspace/08.rtl_design/Simple-10GbE-RUDP-KCU105-Example/firmware/submodules/surf/devices 
loadRuckusTcl: /home/tesla/workspace/08.rtl_design/Simple-10GbE-RUDP-KCU105-Example/firmware/submodules/surf/devices/Marvell 
loadRuckusTcl: /home/tesla/workspace/08.rtl_design/Simple-10GbE-RUDP-KCU105-Example/firmware/submodules/surf/devices/Marvell/Sgmii88E1111 
loadRuckusTcl: /home/tesla/workspace/08.rtl_design/Simple-10GbE-RUDP-KCU105-Example/firmware/submodules/surf/devices/Maxim 
loadRuckusTcl: /home/tesla/workspace/08.rtl_design/Simple-10GbE-RUDP-KCU105-Example/firmware/submodules/surf/devices/Microchip 
loadRuckusTcl: /home/tesla/workspace/08.rtl_design/Simple-10GbE-RUDP-KCU105-Example/firmware/submodules/surf/devices/Microchip/sy56040 
loadRuckusTcl: /home/tesla/workspace/08.rtl_design/Simple-10GbE-RUDP-KCU105-Example/firmware/submodules/surf/devices/Amphenol 
loadRuckusTcl: /home/tesla/workspace/08.rtl_design/Simple-10GbE-RUDP-KCU105-Example/firmware/submodules/surf/devices/Amphenol/LeapXcvr 
loadRuckusTcl: /home/tesla/workspace/08.rtl_design/Simple-10GbE-RUDP-KCU105-Example/firmware/submodules/surf/devices/AnalogDevices 
loadRuckusTcl: /home/tesla/workspace/08.rtl_design/Simple-10GbE-RUDP-KCU105-Example/firmware/submodules/surf/devices/AnalogDevices/ad5780 
loadRuckusTcl: /home/tesla/workspace/08.rtl_design/Simple-10GbE-RUDP-KCU105-Example/firmware/submodules/surf/devices/AnalogDevices/general 
loadRuckusTcl: /home/tesla/workspace/08.rtl_design/Simple-10GbE-RUDP-KCU105-Example/firmware/submodules/surf/devices/AnalogDevices/ad9467 
loadRuckusTcl: /home/tesla/workspace/08.rtl_design/Simple-10GbE-RUDP-KCU105-Example/firmware/submodules/surf/devices/AnalogDevices/ad9249 
loadRuckusTcl: /home/tesla/workspace/08.rtl_design/Simple-10GbE-RUDP-KCU105-Example/firmware/submodules/surf/devices/AnalogDevices/ad9249/UltraScale 
loadRuckusTcl: /home/tesla/workspace/08.rtl_design/Simple-10GbE-RUDP-KCU105-Example/firmware/submodules/surf/devices/AnalogDevices/ad9681 
loadRuckusTcl: /home/tesla/workspace/08.rtl_design/Simple-10GbE-RUDP-KCU105-Example/firmware/submodules/surf/devices/Linear 
loadRuckusTcl: /home/tesla/workspace/08.rtl_design/Simple-10GbE-RUDP-KCU105-Example/firmware/submodules/surf/devices/Linear/lct2270 
loadRuckusTcl: /home/tesla/workspace/08.rtl_design/Simple-10GbE-RUDP-KCU105-Example/firmware/submodules/surf/devices/Micron 
loadRuckusTcl: /home/tesla/workspace/08.rtl_design/Simple-10GbE-RUDP-KCU105-Example/firmware/submodules/surf/devices/Micron/ddr3 
loadRuckusTcl: /home/tesla/workspace/08.rtl_design/Simple-10GbE-RUDP-KCU105-Example/firmware/submodules/surf/devices/Micron/ddr4 
loadRuckusTcl: /home/tesla/workspace/08.rtl_design/Simple-10GbE-RUDP-KCU105-Example/firmware/submodules/surf/devices/Micron/mt28ew 
loadRuckusTcl: /home/tesla/workspace/08.rtl_design/Simple-10GbE-RUDP-KCU105-Example/firmware/submodules/surf/devices/Micron/n25q 
loadRuckusTcl: /home/tesla/workspace/08.rtl_design/Simple-10GbE-RUDP-KCU105-Example/firmware/submodules/surf/devices/Micron/p30 
loadRuckusTcl: /home/tesla/workspace/08.rtl_design/Simple-10GbE-RUDP-KCU105-Example/firmware/submodules/surf/devices/Nxp 
loadRuckusTcl: /home/tesla/workspace/08.rtl_design/Simple-10GbE-RUDP-KCU105-Example/firmware/submodules/surf/devices/Nxp/Sc18Is602 
loadRuckusTcl: /home/tesla/workspace/08.rtl_design/Simple-10GbE-RUDP-KCU105-Example/firmware/submodules/surf/devices/Silabs 
loadRuckusTcl: /home/tesla/workspace/08.rtl_design/Simple-10GbE-RUDP-KCU105-Example/firmware/submodules/surf/devices/Silabs/si5324 
loadRuckusTcl: /home/tesla/workspace/08.rtl_design/Simple-10GbE-RUDP-KCU105-Example/firmware/submodules/surf/devices/Silabs/si5345 
loadRuckusTcl: /home/tesla/workspace/08.rtl_design/Simple-10GbE-RUDP-KCU105-Example/firmware/submodules/surf/devices/Silabs/si5394 
loadRuckusTcl: /home/tesla/workspace/08.rtl_design/Simple-10GbE-RUDP-KCU105-Example/firmware/submodules/surf/devices/Ti 
loadRuckusTcl: /home/tesla/workspace/08.rtl_design/Simple-10GbE-RUDP-KCU105-Example/firmware/submodules/surf/devices/Ti/adc32rf45 
loadRuckusTcl: /home/tesla/workspace/08.rtl_design/Simple-10GbE-RUDP-KCU105-Example/firmware/submodules/surf/devices/Ti/ads42lb69 
loadRuckusTcl: /home/tesla/workspace/08.rtl_design/Simple-10GbE-RUDP-KCU105-Example/firmware/submodules/surf/devices/Ti/ads54j60 
loadRuckusTcl: /home/tesla/workspace/08.rtl_design/Simple-10GbE-RUDP-KCU105-Example/firmware/submodules/surf/devices/Ti/dac7654 
loadRuckusTcl: /home/tesla/workspace/08.rtl_design/Simple-10GbE-RUDP-KCU105-Example/firmware/submodules/surf/devices/Ti/dp83867 
loadRuckusTcl: /home/tesla/workspace/08.rtl_design/Simple-10GbE-RUDP-KCU105-Example/firmware/submodules/surf/devices/Ti/Lmk048Base 
loadRuckusTcl: /home/tesla/workspace/08.rtl_design/Simple-10GbE-RUDP-KCU105-Example/firmware/submodules/surf/devices/transceivers 
loadRuckusTcl: /home/tesla/workspace/08.rtl_design/Simple-10GbE-RUDP-KCU105-Example/firmware/submodules/surf/devices/Xilinx 
loadRuckusTcl: /home/tesla/workspace/08.rtl_design/Simple-10GbE-RUDP-KCU105-Example/firmware/submodules/surf/devices/Xilinx/xcf128 
loadRuckusTcl: /home/tesla/workspace/08.rtl_design/Simple-10GbE-RUDP-KCU105-Example/firmware/submodules/surf/ethernet 
loadRuckusTcl: /home/tesla/workspace/08.rtl_design/Simple-10GbE-RUDP-KCU105-Example/firmware/submodules/surf/ethernet/EthMacCore 
loadRuckusTcl: /home/tesla/workspace/08.rtl_design/Simple-10GbE-RUDP-KCU105-Example/firmware/submodules/surf/ethernet/GigEthCore 
loadRuckusTcl: /home/tesla/workspace/08.rtl_design/Simple-10GbE-RUDP-KCU105-Example/firmware/submodules/surf/ethernet/GigEthCore/core 
loadRuckusTcl: /home/tesla/workspace/08.rtl_design/Simple-10GbE-RUDP-KCU105-Example/firmware/submodules/surf/ethernet/GigEthCore/gthUltraScale 
loadRuckusTcl: /home/tesla/workspace/08.rtl_design/Simple-10GbE-RUDP-KCU105-Example/firmware/submodules/surf/ethernet/GigEthCore/lvdsUltraScale 
loadRuckusTcl: /home/tesla/workspace/08.rtl_design/Simple-10GbE-RUDP-KCU105-Example/firmware/submodules/surf/ethernet/IpV4Engine 
loadRuckusTcl: /home/tesla/workspace/08.rtl_design/Simple-10GbE-RUDP-KCU105-Example/firmware/submodules/surf/ethernet/RawEthFramer 
loadRuckusTcl: /home/tesla/workspace/08.rtl_design/Simple-10GbE-RUDP-KCU105-Example/firmware/submodules/surf/ethernet/TenGigEthCore 
loadRuckusTcl: /home/tesla/workspace/08.rtl_design/Simple-10GbE-RUDP-KCU105-Example/firmware/submodules/surf/ethernet/TenGigEthCore/core 
loadRuckusTcl: /home/tesla/workspace/08.rtl_design/Simple-10GbE-RUDP-KCU105-Example/firmware/submodules/surf/ethernet/TenGigEthCore/gthUltraScale 
loadRuckusTcl: /home/tesla/workspace/08.rtl_design/Simple-10GbE-RUDP-KCU105-Example/firmware/submodules/surf/ethernet/UdpEngine 
loadRuckusTcl: /home/tesla/workspace/08.rtl_design/Simple-10GbE-RUDP-KCU105-Example/firmware/submodules/surf/ethernet/XauiCore 
loadRuckusTcl: /home/tesla/workspace/08.rtl_design/Simple-10GbE-RUDP-KCU105-Example/firmware/submodules/surf/ethernet/XauiCore/core 
loadRuckusTcl: /home/tesla/workspace/08.rtl_design/Simple-10GbE-RUDP-KCU105-Example/firmware/submodules/surf/ethernet/XauiCore/gthUltraScale 
loadRuckusTcl: /home/tesla/workspace/08.rtl_design/Simple-10GbE-RUDP-KCU105-Example/firmware/submodules/surf/ethernet/XlauiCore 
loadRuckusTcl: /home/tesla/workspace/08.rtl_design/Simple-10GbE-RUDP-KCU105-Example/firmware/submodules/surf/ethernet/XlauiCore/core 
loadRuckusTcl: /home/tesla/workspace/08.rtl_design/Simple-10GbE-RUDP-KCU105-Example/firmware/submodules/surf/ethernet/XlauiCore/gthUltraScale 
loadRuckusTcl: /home/tesla/workspace/08.rtl_design/Simple-10GbE-RUDP-KCU105-Example/firmware/submodules/surf/ethernet/Caui4Core 
loadRuckusTcl: /home/tesla/workspace/08.rtl_design/Simple-10GbE-RUDP-KCU105-Example/firmware/submodules/surf/protocols 
loadRuckusTcl: /home/tesla/workspace/08.rtl_design/Simple-10GbE-RUDP-KCU105-Example/firmware/submodules/surf/protocols/batcher 
loadRuckusTcl: /home/tesla/workspace/08.rtl_design/Simple-10GbE-RUDP-KCU105-Example/firmware/submodules/surf/protocols/hamming-ecc 
loadRuckusTcl: /home/tesla/workspace/08.rtl_design/Simple-10GbE-RUDP-KCU105-Example/firmware/submodules/surf/protocols/i2c 
loadRuckusTcl: /home/tesla/workspace/08.rtl_design/Simple-10GbE-RUDP-KCU105-Example/firmware/submodules/surf/protocols/jesd204b 
loadRuckusTcl: /home/tesla/workspace/08.rtl_design/Simple-10GbE-RUDP-KCU105-Example/firmware/submodules/surf/protocols/jtag 
WARNING: [Coretcl 2-176] No IPs found
INFO: [xilinx.com:ip:debug_bridge:3.0-0] DebugBridgeJtag:  Update boundary has completed 
INFO: [xilinx.com:ip:debug_bridge:3.0-0] DebugBridgeJtag:  Update boundary has started running 
INFO: [xilinx.com:ip:debug_bridge:3.0-0] DebugBridgeJtag:  Update content has started running 
loadRuckusTcl: /home/tesla/workspace/08.rtl_design/Simple-10GbE-RUDP-KCU105-Example/firmware/submodules/surf/protocols/line-codes 
loadRuckusTcl: /home/tesla/workspace/08.rtl_design/Simple-10GbE-RUDP-KCU105-Example/firmware/submodules/surf/protocols/mdio 
loadRuckusTcl: /home/tesla/workspace/08.rtl_design/Simple-10GbE-RUDP-KCU105-Example/firmware/submodules/surf/protocols/packetizer 
loadRuckusTcl: /home/tesla/workspace/08.rtl_design/Simple-10GbE-RUDP-KCU105-Example/firmware/submodules/surf/protocols/pgp 
loadRuckusTcl: /home/tesla/workspace/08.rtl_design/Simple-10GbE-RUDP-KCU105-Example/firmware/submodules/surf/protocols/pgp/pgp3 
loadRuckusTcl: /home/tesla/workspace/08.rtl_design/Simple-10GbE-RUDP-KCU105-Example/firmware/submodules/surf/protocols/pgp/pgp3/core 
loadRuckusTcl: /home/tesla/workspace/08.rtl_design/Simple-10GbE-RUDP-KCU105-Example/firmware/submodules/surf/protocols/pgp/pgp3/gthUs 
loadRuckusTcl: /home/tesla/workspace/08.rtl_design/Simple-10GbE-RUDP-KCU105-Example/firmware/submodules/surf/protocols/pgp/pgp4 
loadRuckusTcl: /home/tesla/workspace/08.rtl_design/Simple-10GbE-RUDP-KCU105-Example/firmware/submodules/surf/protocols/pgp/pgp4/core 
loadRuckusTcl: /home/tesla/workspace/08.rtl_design/Simple-10GbE-RUDP-KCU105-Example/firmware/submodules/surf/protocols/pgp/pgp4/gthUs 
loadRuckusTcl: /home/tesla/workspace/08.rtl_design/Simple-10GbE-RUDP-KCU105-Example/firmware/submodules/surf/protocols/pgp/pgp2b 
loadRuckusTcl: /home/tesla/workspace/08.rtl_design/Simple-10GbE-RUDP-KCU105-Example/firmware/submodules/surf/protocols/pgp/pgp2b/core 
loadRuckusTcl: /home/tesla/workspace/08.rtl_design/Simple-10GbE-RUDP-KCU105-Example/firmware/submodules/surf/protocols/pgp/pgp2b/gthUltraScale 
loadRuckusTcl: /home/tesla/workspace/08.rtl_design/Simple-10GbE-RUDP-KCU105-Example/firmware/submodules/surf/protocols/pgp/pgp2fc 
loadRuckusTcl: /home/tesla/workspace/08.rtl_design/Simple-10GbE-RUDP-KCU105-Example/firmware/submodules/surf/protocols/pgp/pgp2fc/core 
loadRuckusTcl: /home/tesla/workspace/08.rtl_design/Simple-10GbE-RUDP-KCU105-Example/firmware/submodules/surf/protocols/rssi 
loadRuckusTcl: /home/tesla/workspace/08.rtl_design/Simple-10GbE-RUDP-KCU105-Example/firmware/submodules/surf/protocols/rssi/v1 
loadRuckusTcl: /home/tesla/workspace/08.rtl_design/Simple-10GbE-RUDP-KCU105-Example/firmware/submodules/surf/protocols/rssi/v1b 
loadRuckusTcl: /home/tesla/workspace/08.rtl_design/Simple-10GbE-RUDP-KCU105-Example/firmware/submodules/surf/protocols/saci 
loadRuckusTcl: /home/tesla/workspace/08.rtl_design/Simple-10GbE-RUDP-KCU105-Example/firmware/submodules/surf/protocols/srp 
loadRuckusTcl: /home/tesla/workspace/08.rtl_design/Simple-10GbE-RUDP-KCU105-Example/firmware/submodules/surf/protocols/ssi 
loadRuckusTcl: /home/tesla/workspace/08.rtl_design/Simple-10GbE-RUDP-KCU105-Example/firmware/submodules/surf/protocols/ssp 
loadRuckusTcl: /home/tesla/workspace/08.rtl_design/Simple-10GbE-RUDP-KCU105-Example/firmware/submodules/surf/protocols/sugoi 
loadRuckusTcl: /home/tesla/workspace/08.rtl_design/Simple-10GbE-RUDP-KCU105-Example/firmware/submodules/surf/protocols/uart 
loadRuckusTcl: /home/tesla/workspace/08.rtl_design/Simple-10GbE-RUDP-KCU105-Example/firmware/submodules/surf/protocols/clink 
loadRuckusTcl: /home/tesla/workspace/08.rtl_design/Simple-10GbE-RUDP-KCU105-Example/firmware/submodules/surf/protocols/coaxpress 
loadRuckusTcl: /home/tesla/workspace/08.rtl_design/Simple-10GbE-RUDP-KCU105-Example/firmware/submodules/surf/protocols/coaxpress/core 
loadRuckusTcl: /home/tesla/workspace/08.rtl_design/Simple-10GbE-RUDP-KCU105-Example/firmware/submodules/surf/protocols/coaxpress/gthUs 
loadRuckusTcl: /home/tesla/workspace/08.rtl_design/Simple-10GbE-RUDP-KCU105-Example/firmware/submodules/surf/protocols/glink 
loadRuckusTcl: /home/tesla/workspace/08.rtl_design/Simple-10GbE-RUDP-KCU105-Example/firmware/submodules/surf/protocols/glink/core 
loadRuckusTcl: /home/tesla/workspace/08.rtl_design/Simple-10GbE-RUDP-KCU105-Example/firmware/submodules/surf/protocols/htsp 
loadRuckusTcl: /home/tesla/workspace/08.rtl_design/Simple-10GbE-RUDP-KCU105-Example/firmware/submodules/surf/protocols/htsp/core 
loadRuckusTcl: /home/tesla/workspace/08.rtl_design/Simple-10GbE-RUDP-KCU105-Example/firmware/submodules/surf/protocols/pmbus 
loadRuckusTcl: /home/tesla/workspace/08.rtl_design/Simple-10GbE-RUDP-KCU105-Example/firmware/submodules/surf/protocols/salt 
loadRuckusTcl: /home/tesla/workspace/08.rtl_design/Simple-10GbE-RUDP-KCU105-Example/firmware/submodules/surf/protocols/spi 
loadRuckusTcl: /home/tesla/workspace/08.rtl_design/Simple-10GbE-RUDP-KCU105-Example/firmware/submodules/surf/protocols/xvc-udp 
loadRuckusTcl: /home/tesla/workspace/08.rtl_design/Simple-10GbE-RUDP-KCU105-Example/firmware/submodules/surf/xilinx 
loadRuckusTcl: /home/tesla/workspace/08.rtl_design/Simple-10GbE-RUDP-KCU105-Example/firmware/submodules/surf/xilinx/general 
loadRuckusTcl: /home/tesla/workspace/08.rtl_design/Simple-10GbE-RUDP-KCU105-Example/firmware/submodules/surf/xilinx/general/microblaze 
loadRuckusTcl: /home/tesla/workspace/08.rtl_design/Simple-10GbE-RUDP-KCU105-Example/firmware/submodules/surf/xilinx/UltraScale 
loadRuckusTcl: /home/tesla/workspace/08.rtl_design/Simple-10GbE-RUDP-KCU105-Example/firmware/submodules/surf/xilinx/UltraScale/general 
loadRuckusTcl: /home/tesla/workspace/08.rtl_design/Simple-10GbE-RUDP-KCU105-Example/firmware/submodules/surf/xilinx/UltraScale/clocking 
loadRuckusTcl: /home/tesla/workspace/08.rtl_design/Simple-10GbE-RUDP-KCU105-Example/firmware/submodules/surf/xilinx/UltraScale/gthUs 
loadRuckusTcl: /home/tesla/workspace/08.rtl_design/Simple-10GbE-RUDP-KCU105-Example/firmware/common 
WARNING: [IP_Flow 19-2162] IP 'SystemManagementCore' is locked:
* IP definition 'System Management Wizard (1.3)' for IP 'SystemManagementCore' (customized with software release 2023.1) has a different revision in the IP Catalog.
# if { [get_files -of_objects [get_filesets {sources_1}]] != "" } {
#    set_property PATH_MODE AbsoluteFirst [get_files -of_objects [get_filesets {sources_1}]]
# }
# if { [get_files -of_objects [get_filesets {sim_1}]] != "" } {
#    set_property PATH_MODE AbsoluteFirst [get_files -of_objects [get_filesets {sim_1}]]
# }
# if { [get_files -of_objects [get_filesets {constrs_1}]] != "" } {
#    set_property PATH_MODE AbsoluteFirst [get_files -of_objects [get_filesets {constrs_1}]]
# }
# if { $::IP_LIST != "" } {
#    foreach ipPntr $::IP_LIST {
#       generate_target all [get_ips ${ipPntr}]
#       # Build the IP Core
#       puts "\nUpgrading ${ipPntr}.xci IP Core ..."
#       upgrade_ip [get_ips ${ipPntr}]
#       puts "... Upgrade Complete!\n"
#       # Check if we need to create the IP_run
#       set ipSynthRun ${ipPntr}_synth_1
#       if { [get_runs ${ipSynthRun}] != ${ipSynthRun}} {
#          create_ip_run [get_ips ${ipPntr}]
#       }
#    }
# }
CRITICAL WARNING: [filemgmt 20-1365] Unable to generate target(s) for the following file is locked: /home/tesla/workspace/08.rtl_design/Simple-10GbE-RUDP-KCU105-Example/firmware/build/Simple10GbeRudpKcu105Example/Simple10GbeRudpKcu105Example_project.srcs/sources_1/ip/SystemManagementCore/SystemManagementCore.xci
Locked reason: 
* IP definition 'System Management Wizard (1.3)' for IP 'SystemManagementCore' (customized with software release 2023.1) has a different revision in the IP Catalog.

Upgrading SystemManagementCore.xci IP Core ...
Upgrading 'SystemManagementCore'
INFO: [Device 21-403] Loading part xcku040-ffva1156-2-e
devicepart xcku040
devicepart xcku040
devicepart xcku040
devicepart xcku040
devicepart xcku040
devicepart xcku040
devicepart xcku040
devicepart xcku040
devicepart xcku040
devicepart xcku040
devicepart xcku040
devicepart xcku040
devicepart xcku040
devicepart xcku040
devicepart xcku040
devicepart xcku040
devicepart xcku040
devicepart xcku040
devicepart xcku040
devicepart xcku040
devicepart xcku040
INFO: [IP_Flow 19-3422] Upgraded SystemManagementCore (System Management Wizard 1.3) from revision 18 to revision 17
INFO: [IP_Flow 19-1686] Generating 'Instantiation Template' target for IP 'SystemManagementCore'...
... Upgrade Complete!

WARNING: [Vivado 12-821] No runs matched 'SystemManagementCore_synth_1'
# SourceTclFile ${VIVADO_DIR}/sources.tcl
# if { $::env(REMOVE_UNUSED_CODE) != 0 } {
#    RemoveUnsuedCode
# }
# exec rm -f {${OUT_DIR}/dirList.txt}
# set dirList [open ${OUT_DIR}/dirList.txt  w]
# if { $::DIR_LIST != "" } {
#    foreach dirPntr $::DIR_LIST {
#       puts ${dirList} ${dirPntr}
#    }
# }
# close ${dirList}
# exec rm -f {${OUT_DIR}/ipList.txt}
# set ipList [open ${OUT_DIR}/ipList.txt  w]
# if { $::IP_FILES != "" } {
#    foreach ipPntr $::IP_FILES {
#       puts ${ipList} ${ipPntr}
#    }
# }
# close ${ipList}
# exec rm -f {${OUT_DIR}/bdList.txt}
# set bdList [open ${OUT_DIR}/bdList.txt  w]
# if { $::BD_FILES != "" } {
#    foreach bdPntr $::BD_FILES {
#       puts ${bdList} ${bdPntr}
#    }
# }
# close ${bdList}
# if { ${RECONFIG_CHECKPOINT} != 0 } {
#    # Set the top-level module as "out_of_context"
#    set_property -name {STEPS.SYNTH_DESIGN.ARGS.MORE OPTIONS} -value {-mode out_of_context} -objects [get_runs synth_1]
# }
# close_project
INFO: [Common 17-206] Exiting Vivado at Mon Nov  6 16:23:07 2023...
